  Game.cpp
C:\Users\joshn\Desktop\Platformer\Platformer\src\Game.cpp(8,10): warning C4067: unexpected tokens following preprocessor directive - expected a newline
C:\Users\joshn\Desktop\Platformer\Platformer\src\Game.cpp(9,10): warning C4067: unexpected tokens following preprocessor directive - expected a newline
C:\Users\joshn\Desktop\Platformer\Platformer\src\Headers\Global.h(48,11): warning C4244: 'initializing': conversion from 'double' to 'int', possible loss of data
C:\Users\joshn\Desktop\Platformer\Platformer\src\Headers\Global.h(52,31): warning C4244: 'initializing': conversion from 'float' to 'int', possible loss of data
C:\Users\joshn\Desktop\Platformer\Platformer\src\Headers\Global.h(52,19): warning C4244: 'initializing': conversion from 'float' to 'const int', possible loss of data
C:\Users\joshn\Desktop\Platformer\Platformer\src\Headers\Global.h(56,98): warning C4244: 'argument': conversion from 'double' to 'T', possible loss of data
          with
          [
              T=int
          ]
C:\Users\joshn\Desktop\Platformer\Platformer\src\Headers\Global.h(56,87): warning C4244: 'argument': conversion from 'double' to 'T', possible loss of data
          with
          [
              T=int
          ]
C:\Users\joshn\Desktop\Platformer\Platformer\src\Headers\Global.h(56,67): warning C4244: 'argument': conversion from 'double' to 'T', possible loss of data
          with
          [
              T=int
          ]
C:\Users\joshn\Desktop\Platformer\Platformer\src\Headers\Global.h(56,56): warning C4244: 'argument': conversion from 'double' to 'T', possible loss of data
          with
          [
              T=int
          ]
C:\Users\joshn\Desktop\Platformer\Platformer\src\Headers\Global.h(60,39): warning C4244: 'argument': conversion from 'const int' to 'T', possible loss of data
          with
          [
              T=float
          ]
C:\Users\joshn\Desktop\Platformer\Platformer\src\Headers\Global.h(60,32): warning C4244: 'argument': conversion from 'const int' to 'T', possible loss of data
          with
          [
              T=float
          ]
C:\Users\joshn\Desktop\Platformer\Platformer\src\Headers\Game.h(94,62): warning C4244: 'argument': conversion from 'double' to 'T', possible loss of data
          with
          [
              T=float
          ]
C:\Users\joshn\Desktop\Platformer\Platformer\src\Headers\Game.h(94,50): warning C4244: 'argument': conversion from 'double' to 'T', possible loss of data
          with
          [
              T=float
          ]
C:\Users\joshn\Desktop\Platformer\Platformer\src\Headers\Game.h(108,46): warning C4244: '=': conversion from 'T' to 'T', possible loss of data
          with
          [
              T=float
          ]
          and
          [
              T=int
          ]
C:\Users\joshn\Desktop\Platformer\Platformer\src\Headers\Game.h(110,33): warning C4244: '+=': conversion from 'double' to 'T', possible loss of data
          with
          [
              T=int
          ]
C:\Users\joshn\Desktop\Platformer\Platformer\src\Headers\Game.h(122,43): warning C4244: '=': conversion from 'T' to 'T', possible loss of data
          with
          [
              T=float
          ]
          and
          [
              T=int
          ]
C:\Users\joshn\Desktop\Platformer\Platformer\src\Headers\Game.h(131,42): warning C4244: 'argument': conversion from 'double' to 'float', possible loss of data
C:\Users\joshn\Desktop\Platformer\Platformer\src\Headers\Game.h(131,30): warning C4244: 'argument': conversion from 'double' to 'float', possible loss of data
C:\Users\joshn\Desktop\Platformer\Platformer\src\Headers\Game.h(232,44): warning C4244: '=': conversion from 'double' to 'T', possible loss of data
          with
          [
              T=int
          ]
C:\Users\joshn\Desktop\Platformer\Platformer\src\Headers\Game.h(254,52): warning C4244: 'argument': conversion from 'double' to 'T', possible loss of data
          with
          [
              T=int
          ]
C:\Users\joshn\Desktop\Platformer\Platformer\src\Headers\Game.h(254,44): warning C4244: 'argument': conversion from 'double' to 'T', possible loss of data
          with
          [
              T=int
          ]
C:\Users\joshn\Desktop\Platformer\Platformer\src\Headers\Game.h(259,61): warning C4244: 'argument': conversion from 'double' to 'T', possible loss of data
          with
          [
              T=float
          ]
C:\Users\joshn\Desktop\Platformer\Platformer\src\Headers\Game.h(259,49): warning C4244: 'argument': conversion from 'double' to 'T', possible loss of data
          with
          [
              T=float
          ]
C:\Users\joshn\Desktop\Platformer\Platformer\src\Headers\Game.h(260,31): warning C4244: '=': conversion from 'T' to 'T', possible loss of data
          with
          [
              T=float
          ]
          and
          [
              T=int
          ]
C:\Users\joshn\Desktop\Platformer\Platformer\src\Headers\Game.h(261,30): warning C4244: '=': conversion from 'T' to 'T', possible loss of data
          with
          [
              T=float
          ]
          and
          [
              T=int
          ]
C:\Users\joshn\Desktop\Platformer\Platformer\src\Headers\Game.h(267,42): warning C4244: 'argument': conversion from 'double' to 'float', possible loss of data
C:\Users\joshn\Desktop\Platformer\Platformer\src\Headers\Game.h(267,30): warning C4244: 'argument': conversion from 'double' to 'float', possible loss of data
C:\Users\joshn\Desktop\Platformer\Platformer\src\Headers\Game.h(330,14): warning C4244: 'initializing': conversion from 'double' to 'float', possible loss of data
C:\Users\joshn\Desktop\Platformer\Platformer\src\Headers\Game.h(331,14): warning C4244: 'initializing': conversion from 'double' to 'float', possible loss of data
C:\Users\joshn\Desktop\Platformer\Platformer\src\Headers\Game.h(333,20): warning C4244: '=': conversion from 'const double' to 'float', possible loss of data
C:\Users\joshn\Desktop\Platformer\Platformer\src\Headers\Game.h(335,20): warning C4244: '=': conversion from 'const double' to 'float', possible loss of data
C:\Users\joshn\Desktop\Platformer\Platformer\src\Headers\Game.h(356,24): warning C4244: 'initializing': conversion from 'double' to 'int', possible loss of data
C:\Users\joshn\Desktop\Platformer\Platformer\src\Headers\Game.h(456,62): warning C4244: 'argument': conversion from 'double' to 'T', possible loss of data
          with
          [
              T=float
          ]
C:\Users\joshn\Desktop\Platformer\Platformer\src\Headers\Game.h(456,50): warning C4244: 'argument': conversion from 'double' to 'T', possible loss of data
          with
          [
              T=float
          ]
C:\Users\joshn\Desktop\Platformer\Platformer\src\Headers\Game.h(464,43): warning C4244: 'argument': conversion from 'double' to 'float', possible loss of data
C:\Users\joshn\Desktop\Platformer\Platformer\src\Headers\Game.h(464,31): warning C4244: 'argument': conversion from 'double' to 'float', possible loss of data
C:\Users\joshn\Desktop\Platformer\Platformer\src\Headers\Game.h(467,34): warning C4244: 'argument': conversion from 'double' to 'T', possible loss of data
          with
          [
              T=float
          ]
C:\Users\joshn\Desktop\Platformer\Platformer\src\Headers\Game.h(479,36): warning C4244: 'argument': conversion from 'double' to 'T', possible loss of data
          with
          [
              T=float
          ]
C:\Users\joshn\Desktop\Platformer\Platformer\src\Headers\Game.h(810,98): warning C4244: 'argument': conversion from 'double' to 'T', possible loss of data
          with
          [
              T=float
          ]
C:\Users\joshn\Desktop\Platformer\Platformer\src\Headers\Game.h(810,83): warning C4244: 'argument': conversion from 'double' to 'T', possible loss of data
          with
          [
              T=float
          ]
  Generating code
  4 of 573 functions ( 0.7%) were compiled, the rest were copied from previous compilation.
    0 functions were new in current compilation
    0 functions had inline decision re-evaluated but remain unchanged
  Finished generating code
  Platformer.vcxproj -> C:\Users\joshn\Desktop\Platformer\Release\Platformer.exe
